<?xml version="1.0" encoding="UTF-8"?>
<coverage generated="1518172593211" clover="3.2.0">
  <project timestamp="1518172593211" name="All files">
    <metrics statements="158" coveredstatements="116" conditionals="44" coveredconditionals="22" methods="55" coveredmethods="32" elements="257" coveredelements="170" complexity="0" loc="158" ncloc="158" packages="3" files="8" classes="8">
      <package name="lib">
        <metrics statements="74" coveredstatements="62" conditionals="26" coveredconditionals="15" methods="13" coveredmethods="10"/>
        <file name="basic-auth-middleware.js" path="/home/montgomeryrd/codefellows/lab-richard/17-bearer-auth/lab-richard/lib/basic-auth-middleware.js">
          <metrics statements="15" coveredstatements="15" conditionals="8" coveredconditionals="8" methods="1" coveredmethods="1"/>
          <line num="3" count="3" type="stmt"/>
          <line num="5" count="3" type="stmt"/>
          <line num="6" count="7" type="stmt"/>
          <line num="7" count="7" type="cond" truecount="2" falsecount="0"/>
          <line num="8" count="1" type="stmt"/>
          <line num="10" count="6" type="stmt"/>
          <line num="11" count="6" type="cond" truecount="2" falsecount="0"/>
          <line num="12" count="1" type="stmt"/>
          <line num="14" count="5" type="stmt"/>
          <line num="15" count="5" type="stmt"/>
          <line num="17" count="5" type="cond" truecount="2" falsecount="0"/>
          <line num="18" count="1" type="stmt"/>
          <line num="19" count="4" type="cond" truecount="2" falsecount="0"/>
          <line num="20" count="1" type="stmt"/>
          <line num="22" count="3" type="stmt"/>
        </file>
        <file name="bearer-auth-middleware.js" path="/home/montgomeryrd/codefellows/lab-richard/17-bearer-auth/lab-richard/lib/bearer-auth-middleware.js">
          <metrics statements="21" coveredstatements="13" conditionals="8" coveredconditionals="3" methods="4" coveredmethods="2"/>
          <line num="3" count="3" type="stmt"/>
          <line num="4" count="3" type="stmt"/>
          <line num="5" count="3" type="stmt"/>
          <line num="7" count="3" type="stmt"/>
          <line num="9" count="3" type="stmt"/>
          <line num="11" count="2" type="stmt"/>
          <line num="13" count="2" type="cond" truecount="1" falsecount="1"/>
          <line num="14" count="0" type="stmt"/>
          <line num="16" count="2" type="stmt"/>
          <line num="18" count="2" type="cond" truecount="1" falsecount="1"/>
          <line num="19" count="0" type="stmt"/>
          <line num="21" count="2" type="stmt"/>
          <line num="22" count="2" type="cond" truecount="1" falsecount="1"/>
          <line num="23" count="2" type="stmt"/>
          <line num="24" count="2" type="stmt"/>
          <line num="27" count="0" type="stmt"/>
          <line num="29" count="0" type="cond" truecount="0" falsecount="2"/>
          <line num="30" count="0" type="stmt"/>
          <line num="31" count="0" type="stmt"/>
          <line num="32" count="0" type="stmt"/>
          <line num="34" count="0" type="stmt"/>
        </file>
        <file name="error-handler.js" path="/home/montgomeryrd/codefellows/lab-richard/17-bearer-auth/lab-richard/lib/error-handler.js">
          <metrics statements="9" coveredstatements="5" conditionals="6" coveredconditionals="2" methods="1" coveredmethods="1"/>
          <line num="3" count="3" type="stmt"/>
          <line num="4" count="10" type="stmt"/>
          <line num="6" count="10" type="cond" truecount="2" falsecount="4"/>
          <line num="7" count="0" type="stmt"/>
          <line num="8" count="9" type="stmt"/>
          <line num="9" count="0" type="stmt"/>
          <line num="10" count="0" type="stmt"/>
          <line num="11" count="1" type="stmt"/>
          <line num="12" count="0" type="stmt"/>
        </file>
        <file name="server.js" path="/home/montgomeryrd/codefellows/lab-richard/17-bearer-auth/lab-richard/lib/server.js">
          <metrics statements="29" coveredstatements="29" conditionals="4" coveredconditionals="2" methods="7" coveredmethods="6"/>
          <line num="4" count="3" type="stmt"/>
          <line num="5" count="3" type="stmt"/>
          <line num="6" count="3" type="stmt"/>
          <line num="7" count="3" type="stmt"/>
          <line num="11" count="3" type="stmt"/>
          <line num="12" count="3" type="stmt"/>
          <line num="13" count="3" type="stmt"/>
          <line num="14" count="3" type="stmt"/>
          <line num="17" count="3" type="stmt"/>
          <line num="18" count="3" type="stmt"/>
          <line num="19" count="3" type="stmt"/>
          <line num="20" count="3" type="stmt"/>
          <line num="21" count="3" type="stmt"/>
          <line num="24" count="3" type="stmt"/>
          <line num="25" count="3" type="stmt"/>
          <line num="26" count="3" type="stmt"/>
          <line num="27" count="3" type="cond" truecount="1" falsecount="1"/>
          <line num="28" count="3" type="stmt"/>
          <line num="29" count="3" type="stmt"/>
          <line num="30" count="3" type="stmt"/>
          <line num="31" count="3" type="stmt"/>
          <line num="32" count="3" type="stmt"/>
          <line num="37" count="3" type="stmt"/>
          <line num="38" count="3" type="stmt"/>
          <line num="39" count="3" type="cond" truecount="1" falsecount="1"/>
          <line num="40" count="3" type="stmt"/>
          <line num="41" count="3" type="stmt"/>
          <line num="42" count="3" type="stmt"/>
          <line num="43" count="3" type="stmt"/>
        </file>
      </package>
      <package name="model">
        <metrics statements="30" coveredstatements="27" conditionals="6" coveredconditionals="5" methods="13" coveredmethods="10"/>
        <file name="auth.js" path="/home/montgomeryrd/codefellows/lab-richard/17-bearer-auth/lab-richard/model/auth.js">
          <metrics statements="27" coveredstatements="24" conditionals="6" coveredconditionals="5" methods="13" coveredmethods="10"/>
          <line num="3" count="3" type="stmt"/>
          <line num="4" count="3" type="stmt"/>
          <line num="5" count="3" type="stmt"/>
          <line num="6" count="3" type="stmt"/>
          <line num="8" count="3" type="stmt"/>
          <line num="15" count="3" type="stmt"/>
          <line num="16" count="7" type="cond" truecount="2" falsecount="0"/>
          <line num="18" count="6" type="stmt"/>
          <line num="19" count="6" type="stmt"/>
          <line num="20" count="6" type="stmt"/>
          <line num="21" count="0" type="stmt"/>
          <line num="24" count="3" type="stmt"/>
          <line num="25" count="2" type="stmt"/>
          <line num="26" count="2" type="stmt"/>
          <line num="27" count="2" type="cond" truecount="1" falsecount="1"/>
          <line num="28" count="2" type="cond" truecount="2" falsecount="0"/>
          <line num="29" count="1" type="stmt"/>
          <line num="34" count="3" type="stmt"/>
          <line num="35" count="6" type="stmt"/>
          <line num="36" count="6" type="stmt"/>
          <line num="37" count="6" type="stmt"/>
          <line num="38" count="0" type="stmt"/>
          <line num="41" count="3" type="stmt"/>
          <line num="42" count="6" type="stmt"/>
          <line num="44" count="6" type="stmt"/>
          <line num="46" count="0" type="stmt"/>
          <line num="49" count="3" type="stmt"/>
        </file>
        <file name="gallery.js" path="/home/montgomeryrd/codefellows/lab-richard/17-bearer-auth/lab-richard/model/gallery.js">
          <metrics statements="3" coveredstatements="3" conditionals="0" coveredconditionals="0" methods="0" coveredmethods="0"/>
          <line num="3" count="3" type="stmt"/>
          <line num="5" count="3" type="stmt"/>
          <line num="21" count="3" type="stmt"/>
        </file>
      </package>
      <package name="route">
        <metrics statements="54" coveredstatements="27" conditionals="12" coveredconditionals="2" methods="29" coveredmethods="12"/>
        <file name="route-auth.js" path="/home/montgomeryrd/codefellows/lab-richard/17-bearer-auth/lab-richard/route/route-auth.js">
          <metrics statements="20" coveredstatements="20" conditionals="2" coveredconditionals="2" methods="11" coveredmethods="11"/>
          <line num="3" count="3" type="stmt"/>
          <line num="4" count="3" type="stmt"/>
          <line num="5" count="3" type="stmt"/>
          <line num="6" count="3" type="stmt"/>
          <line num="8" count="3" type="stmt"/>
          <line num="9" count="3" type="stmt"/>
          <line num="10" count="4" type="stmt"/>
          <line num="11" count="4" type="stmt"/>
          <line num="13" count="4" type="stmt"/>
          <line num="15" count="4" type="stmt"/>
          <line num="16" count="3" type="stmt"/>
          <line num="17" count="2" type="stmt"/>
          <line num="22" count="2" type="stmt"/>
          <line num="23" count="2" type="stmt"/>
          <line num="26" count="3" type="stmt"/>
          <line num="27" count="3" type="stmt"/>
          <line num="29" count="3" type="cond" truecount="2" falsecount="0"/>
          <line num="38" count="1" type="stmt"/>
          <line num="39" count="1" type="stmt"/>
          <line num="40" count="2" type="stmt"/>
        </file>
        <file name="route-gallery.js" path="/home/montgomeryrd/codefellows/lab-richard/17-bearer-auth/lab-richard/route/route-gallery.js">
          <metrics statements="34" coveredstatements="7" conditionals="10" coveredconditionals="0" methods="18" coveredmethods="1"/>
          <line num="3" count="3" type="stmt"/>
          <line num="4" count="3" type="stmt"/>
          <line num="5" count="3" type="stmt"/>
          <line num="6" count="3" type="stmt"/>
          <line num="8" count="3" type="stmt"/>
          <line num="10" count="3" type="stmt"/>
          <line num="12" count="3" type="stmt"/>
          <line num="14" count="0" type="stmt"/>
          <line num="15" count="0" type="stmt"/>
          <line num="17" count="0" type="stmt"/>
          <line num="18" count="0" type="stmt"/>
          <line num="19" count="0" type="stmt"/>
          <line num="23" count="0" type="cond" truecount="0" falsecount="2"/>
          <line num="24" count="0" type="stmt"/>
          <line num="25" count="0" type="stmt"/>
          <line num="26" count="0" type="stmt"/>
          <line num="29" count="0" type="stmt"/>
          <line num="31" count="0" type="stmt"/>
          <line num="32" count="0" type="stmt"/>
          <line num="34" count="0" type="stmt"/>
          <line num="38" count="0" type="stmt"/>
          <line num="40" count="0" type="cond" truecount="0" falsecount="2"/>
          <line num="41" count="0" type="cond" truecount="0" falsecount="2"/>
          <line num="42" count="0" type="cond" truecount="0" falsecount="2"/>
          <line num="44" count="0" type="stmt"/>
          <line num="47" count="0" type="stmt"/>
          <line num="49" count="0" type="stmt"/>
          <line num="50" count="0" type="stmt"/>
          <line num="54" count="0" type="stmt"/>
          <line num="56" count="0" type="cond" truecount="0" falsecount="2"/>
          <line num="57" count="0" type="stmt"/>
          <line num="59" count="0" type="stmt"/>
          <line num="62" count="0" type="stmt"/>
          <line num="63" count="0" type="stmt"/>
        </file>
      </package>
    </metrics>
  </project>
</coverage>
