{"/home/montgomeryrd/codefellows/lab-richard/17-bearer-auth/lab-richard/lib/basic-auth-middleware.js": {"path":"/home/montgomeryrd/codefellows/lab-richard/17-bearer-auth/lab-richard/lib/basic-auth-middleware.js","statementMap":{"0":{"start":{"line":3,"column":21},"end":{"line":3,"column":47}},"1":{"start":{"line":5,"column":0},"end":{"line":23,"column":2}},"2":{"start":{"line":6,"column":22},"end":{"line":6,"column":47}},"3":{"start":{"line":7,"column":4},"end":{"line":8,"column":104}},"4":{"start":{"line":8,"column":8},"end":{"line":8,"column":104}},"5":{"start":{"line":10,"column":17},"end":{"line":10,"column":47}},"6":{"start":{"line":11,"column":4},"end":{"line":12,"column":101}},"7":{"start":{"line":12,"column":8},"end":{"line":12,"column":101}},"8":{"start":{"line":14,"column":31},"end":{"line":14,"column":82}},"9":{"start":{"line":15,"column":4},"end":{"line":15,"column":36}},"10":{"start":{"line":17,"column":4},"end":{"line":18,"column":88}},"11":{"start":{"line":18,"column":8},"end":{"line":18,"column":88}},"12":{"start":{"line":19,"column":4},"end":{"line":20,"column":88}},"13":{"start":{"line":20,"column":8},"end":{"line":20,"column":88}},"14":{"start":{"line":22,"column":4},"end":{"line":22,"column":11}}},"fnMap":{"0":{"name":"(anonymous_0)","decl":{"start":{"line":5,"column":17},"end":{"line":5,"column":18}},"loc":{"start":{"line":5,"column":42},"end":{"line":23,"column":1}},"line":5}},"branchMap":{"0":{"loc":{"start":{"line":7,"column":4},"end":{"line":8,"column":104}},"type":"if","locations":[{"start":{"line":7,"column":4},"end":{"line":8,"column":104}},{"start":{"line":7,"column":4},"end":{"line":8,"column":104}}],"line":7},"1":{"loc":{"start":{"line":11,"column":4},"end":{"line":12,"column":101}},"type":"if","locations":[{"start":{"line":11,"column":4},"end":{"line":12,"column":101}},{"start":{"line":11,"column":4},"end":{"line":12,"column":101}}],"line":11},"2":{"loc":{"start":{"line":17,"column":4},"end":{"line":18,"column":88}},"type":"if","locations":[{"start":{"line":17,"column":4},"end":{"line":18,"column":88}},{"start":{"line":17,"column":4},"end":{"line":18,"column":88}}],"line":17},"3":{"loc":{"start":{"line":19,"column":4},"end":{"line":20,"column":88}},"type":"if","locations":[{"start":{"line":19,"column":4},"end":{"line":20,"column":88}},{"start":{"line":19,"column":4},"end":{"line":20,"column":88}}],"line":19}},"s":{"0":3,"1":3,"2":7,"3":7,"4":1,"5":6,"6":6,"7":1,"8":5,"9":5,"10":5,"11":1,"12":4,"13":1,"14":3},"f":{"0":7},"b":{"0":[1,6],"1":[1,5],"2":[1,4],"3":[1,3]},"_coverageSchema":"332fd63041d2c1bcb487cc26dd0d5f7d97098a6c","hash":"04981fc6c5f880b058e9cd1914fc84d0fce9a406"}
,"/home/montgomeryrd/codefellows/lab-richard/17-bearer-auth/lab-richard/lib/bearer-auth-middleware.js": {"path":"/home/montgomeryrd/codefellows/lab-richard/17-bearer-auth/lab-richard/lib/bearer-auth-middleware.js","statementMap":{"0":{"start":{"line":3,"column":21},"end":{"line":3,"column":47}},"1":{"start":{"line":4,"column":13},"end":{"line":4,"column":37}},"2":{"start":{"line":5,"column":21},"end":{"line":5,"column":44}},"3":{"start":{"line":7,"column":22},"end":{"line":7,"column":44}},"4":{"start":{"line":9,"column":0},"end":{"line":36,"column":2}},"5":{"start":{"line":11,"column":21},"end":{"line":11,"column":46}},"6":{"start":{"line":13,"column":4},"end":{"line":14,"column":59}},"7":{"start":{"line":14,"column":8},"end":{"line":14,"column":59}},"8":{"start":{"line":16,"column":16},"end":{"line":16,"column":46}},"9":{"start":{"line":18,"column":4},"end":{"line":19,"column":59}},"10":{"start":{"line":19,"column":8},"end":{"line":19,"column":59}},"11":{"start":{"line":21,"column":4},"end":{"line":35,"column":7}},"12":{"start":{"line":22,"column":8},"end":{"line":25,"column":9}},"13":{"start":{"line":23,"column":12},"end":{"line":23,"column":40}},"14":{"start":{"line":24,"column":12},"end":{"line":24,"column":42}},"15":{"start":{"line":27,"column":8},"end":{"line":34,"column":50}},"16":{"start":{"line":29,"column":16},"end":{"line":30,"column":71}},"17":{"start":{"line":30,"column":20},"end":{"line":30,"column":71}},"18":{"start":{"line":31,"column":16},"end":{"line":31,"column":32}},"19":{"start":{"line":32,"column":16},"end":{"line":32,"column":23}},"20":{"start":{"line":34,"column":26},"end":{"line":34,"column":48}}},"fnMap":{"0":{"name":"(anonymous_0)","decl":{"start":{"line":9,"column":17},"end":{"line":9,"column":18}},"loc":{"start":{"line":9,"column":42},"end":{"line":36,"column":1}},"line":9},"1":{"name":"(anonymous_1)","decl":{"start":{"line":21,"column":61},"end":{"line":21,"column":62}},"loc":{"start":{"line":21,"column":84},"end":{"line":35,"column":5}},"line":21},"2":{"name":"(anonymous_2)","decl":{"start":{"line":28,"column":18},"end":{"line":28,"column":19}},"loc":{"start":{"line":28,"column":26},"end":{"line":33,"column":13}},"line":28},"3":{"name":"(anonymous_3)","decl":{"start":{"line":34,"column":19},"end":{"line":34,"column":20}},"loc":{"start":{"line":34,"column":26},"end":{"line":34,"column":48}},"line":34}},"branchMap":{"0":{"loc":{"start":{"line":13,"column":4},"end":{"line":14,"column":59}},"type":"if","locations":[{"start":{"line":13,"column":4},"end":{"line":14,"column":59}},{"start":{"line":13,"column":4},"end":{"line":14,"column":59}}],"line":13},"1":{"loc":{"start":{"line":18,"column":4},"end":{"line":19,"column":59}},"type":"if","locations":[{"start":{"line":18,"column":4},"end":{"line":19,"column":59}},{"start":{"line":18,"column":4},"end":{"line":19,"column":59}}],"line":18},"2":{"loc":{"start":{"line":22,"column":8},"end":{"line":25,"column":9}},"type":"if","locations":[{"start":{"line":22,"column":8},"end":{"line":25,"column":9}},{"start":{"line":22,"column":8},"end":{"line":25,"column":9}}],"line":22},"3":{"loc":{"start":{"line":29,"column":16},"end":{"line":30,"column":71}},"type":"if","locations":[{"start":{"line":29,"column":16},"end":{"line":30,"column":71}},{"start":{"line":29,"column":16},"end":{"line":30,"column":71}}],"line":29}},"s":{"0":3,"1":3,"2":3,"3":3,"4":3,"5":2,"6":2,"7":0,"8":2,"9":2,"10":0,"11":2,"12":2,"13":2,"14":2,"15":0,"16":0,"17":0,"18":0,"19":0,"20":0},"f":{"0":2,"1":2,"2":0,"3":0},"b":{"0":[0,2],"1":[0,2],"2":[2,0],"3":[0,0]},"_coverageSchema":"332fd63041d2c1bcb487cc26dd0d5f7d97098a6c","hash":"538e606d58b45b5ffea8e74fb36243d0e7473a66"}
,"/home/montgomeryrd/codefellows/lab-richard/17-bearer-auth/lab-richard/lib/error-handler.js": {"path":"/home/montgomeryrd/codefellows/lab-richard/17-bearer-auth/lab-richard/lib/error-handler.js","statementMap":{"0":{"start":{"line":3,"column":0},"end":{"line":14,"column":2}},"1":{"start":{"line":4,"column":14},"end":{"line":4,"column":39}},"2":{"start":{"line":6,"column":4},"end":{"line":13,"column":5}},"3":{"start":{"line":7,"column":37},"end":{"line":7,"column":96}},"4":{"start":{"line":8,"column":40},"end":{"line":8,"column":99}},"5":{"start":{"line":9,"column":37},"end":{"line":9,"column":96}},"6":{"start":{"line":10,"column":42},"end":{"line":10,"column":101}},"7":{"start":{"line":11,"column":40},"end":{"line":11,"column":99}},"8":{"start":{"line":12,"column":13},"end":{"line":12,"column":72}}},"fnMap":{"0":{"name":"(anonymous_0)","decl":{"start":{"line":3,"column":17},"end":{"line":3,"column":18}},"loc":{"start":{"line":3,"column":35},"end":{"line":14,"column":1}},"line":3}},"branchMap":{"0":{"loc":{"start":{"line":6,"column":4},"end":{"line":13,"column":5}},"type":"switch","locations":[{"start":{"line":7,"column":4},"end":{"line":7,"column":96}},{"start":{"line":8,"column":4},"end":{"line":8,"column":99}},{"start":{"line":9,"column":4},"end":{"line":9,"column":96}},{"start":{"line":10,"column":4},"end":{"line":10,"column":101}},{"start":{"line":11,"column":4},"end":{"line":11,"column":99}},{"start":{"line":12,"column":4},"end":{"line":12,"column":72}}],"line":6}},"s":{"0":3,"1":10,"2":10,"3":0,"4":9,"5":0,"6":0,"7":1,"8":0},"f":{"0":10},"b":{"0":[0,9,0,0,1,0]},"_coverageSchema":"332fd63041d2c1bcb487cc26dd0d5f7d97098a6c","hash":"b5cbadab3689de9879b5b227c023e67989a26ec6"}
,"/home/montgomeryrd/codefellows/lab-richard/17-bearer-auth/lab-richard/lib/server.js": {"path":"/home/montgomeryrd/codefellows/lab-richard/17-bearer-auth/lab-richard/lib/server.js","statementMap":{"0":{"start":{"line":4,"column":13},"end":{"line":4,"column":28}},"1":{"start":{"line":5,"column":16},"end":{"line":5,"column":34}},"2":{"start":{"line":6,"column":17},"end":{"line":6,"column":36}},"3":{"start":{"line":7,"column":21},"end":{"line":7,"column":47}},"4":{"start":{"line":11,"column":12},"end":{"line":11,"column":21}},"5":{"start":{"line":12,"column":13},"end":{"line":12,"column":29}},"6":{"start":{"line":13,"column":15},"end":{"line":13,"column":31}},"7":{"start":{"line":14,"column":20},"end":{"line":14,"column":43}},"8":{"start":{"line":17,"column":0},"end":{"line":17,"column":16}},"9":{"start":{"line":18,"column":0},"end":{"line":18,"column":27}},"10":{"start":{"line":19,"column":0},"end":{"line":19,"column":39}},"11":{"start":{"line":20,"column":0},"end":{"line":20,"column":42}},"12":{"start":{"line":21,"column":0},"end":{"line":21,"column":92}},"13":{"start":{"line":21,"column":31},"end":{"line":21,"column":90}},"14":{"start":{"line":24,"column":15},"end":{"line":24,"column":34}},"15":{"start":{"line":25,"column":0},"end":{"line":35,"column":2}},"16":{"start":{"line":26,"column":4},"end":{"line":34,"column":7}},"17":{"start":{"line":27,"column":8},"end":{"line":27,"column":102}},"18":{"start":{"line":27,"column":24},"end":{"line":27,"column":102}},"19":{"start":{"line":28,"column":8},"end":{"line":33,"column":11}},"20":{"start":{"line":29,"column":12},"end":{"line":29,"column":53}},"21":{"start":{"line":30,"column":12},"end":{"line":30,"column":31}},"22":{"start":{"line":31,"column":12},"end":{"line":31,"column":42}},"23":{"start":{"line":32,"column":12},"end":{"line":32,"column":35}},"24":{"start":{"line":37,"column":0},"end":{"line":46,"column":2}},"25":{"start":{"line":38,"column":4},"end":{"line":45,"column":7}},"26":{"start":{"line":39,"column":8},"end":{"line":39,"column":98}},"27":{"start":{"line":39,"column":25},"end":{"line":39,"column":98}},"28":{"start":{"line":40,"column":8},"end":{"line":44,"column":11}},"29":{"start":{"line":41,"column":12},"end":{"line":41,"column":32}},"30":{"start":{"line":42,"column":12},"end":{"line":42,"column":34}},"31":{"start":{"line":43,"column":12},"end":{"line":43,"column":29}}},"fnMap":{"0":{"name":"(anonymous_0)","decl":{"start":{"line":21,"column":17},"end":{"line":21,"column":18}},"loc":{"start":{"line":21,"column":31},"end":{"line":21,"column":90}},"line":21},"1":{"name":"(anonymous_1)","decl":{"start":{"line":25,"column":15},"end":{"line":25,"column":16}},"loc":{"start":{"line":25,"column":21},"end":{"line":35,"column":1}},"line":25},"2":{"name":"(anonymous_2)","decl":{"start":{"line":26,"column":23},"end":{"line":26,"column":24}},"loc":{"start":{"line":26,"column":44},"end":{"line":34,"column":5}},"line":26},"3":{"name":"(anonymous_3)","decl":{"start":{"line":28,"column":39},"end":{"line":28,"column":40}},"loc":{"start":{"line":28,"column":45},"end":{"line":33,"column":9}},"line":28},"4":{"name":"(anonymous_4)","decl":{"start":{"line":37,"column":14},"end":{"line":37,"column":15}},"loc":{"start":{"line":37,"column":20},"end":{"line":46,"column":1}},"line":37},"5":{"name":"(anonymous_5)","decl":{"start":{"line":38,"column":23},"end":{"line":38,"column":24}},"loc":{"start":{"line":38,"column":44},"end":{"line":45,"column":5}},"line":38},"6":{"name":"(anonymous_6)","decl":{"start":{"line":40,"column":26},"end":{"line":40,"column":27}},"loc":{"start":{"line":40,"column":32},"end":{"line":44,"column":9}},"line":40}},"branchMap":{"0":{"loc":{"start":{"line":27,"column":8},"end":{"line":27,"column":102}},"type":"if","locations":[{"start":{"line":27,"column":8},"end":{"line":27,"column":102}},{"start":{"line":27,"column":8},"end":{"line":27,"column":102}}],"line":27},"1":{"loc":{"start":{"line":39,"column":8},"end":{"line":39,"column":98}},"type":"if","locations":[{"start":{"line":39,"column":8},"end":{"line":39,"column":98}},{"start":{"line":39,"column":8},"end":{"line":39,"column":98}}],"line":39}},"s":{"0":3,"1":3,"2":3,"3":3,"4":3,"5":3,"6":3,"7":3,"8":3,"9":3,"10":3,"11":3,"12":3,"13":0,"14":3,"15":3,"16":3,"17":3,"18":0,"19":3,"20":3,"21":3,"22":3,"23":3,"24":3,"25":3,"26":3,"27":0,"28":3,"29":3,"30":3,"31":3},"f":{"0":0,"1":3,"2":3,"3":3,"4":3,"5":3,"6":3},"b":{"0":[0,3],"1":[0,3]},"_coverageSchema":"332fd63041d2c1bcb487cc26dd0d5f7d97098a6c","hash":"741132eb6c1ac2e4ed75f16b1a85e6f57a2046e5"}
,"/home/montgomeryrd/codefellows/lab-richard/17-bearer-auth/lab-richard/model/auth.js": {"path":"/home/montgomeryrd/codefellows/lab-richard/17-bearer-auth/lab-richard/model/auth.js","statementMap":{"0":{"start":{"line":3,"column":12},"end":{"line":3,"column":35}},"1":{"start":{"line":4,"column":17},"end":{"line":4,"column":36}},"2":{"start":{"line":5,"column":15},"end":{"line":5,"column":32}},"3":{"start":{"line":6,"column":15},"end":{"line":6,"column":32}},"4":{"start":{"line":8,"column":13},"end":{"line":13,"column":22}},"5":{"start":{"line":15,"column":0},"end":{"line":22,"column":2}},"6":{"start":{"line":16,"column":4},"end":{"line":16,"column":95}},"7":{"start":{"line":16,"column":18},"end":{"line":16,"column":95}},"8":{"start":{"line":18,"column":4},"end":{"line":21,"column":27}},"9":{"start":{"line":19,"column":22},"end":{"line":19,"column":42}},"10":{"start":{"line":20,"column":20},"end":{"line":20,"column":24}},"11":{"start":{"line":21,"column":22},"end":{"line":21,"column":25}},"12":{"start":{"line":24,"column":0},"end":{"line":32,"column":2}},"13":{"start":{"line":25,"column":4},"end":{"line":31,"column":7}},"14":{"start":{"line":26,"column":8},"end":{"line":30,"column":11}},"15":{"start":{"line":27,"column":12},"end":{"line":27,"column":39}},"16":{"start":{"line":27,"column":20},"end":{"line":27,"column":39}},"17":{"start":{"line":28,"column":12},"end":{"line":28,"column":94}},"18":{"start":{"line":28,"column":23},"end":{"line":28,"column":94}},"19":{"start":{"line":29,"column":12},"end":{"line":29,"column":26}},"20":{"start":{"line":34,"column":0},"end":{"line":39,"column":2}},"21":{"start":{"line":35,"column":4},"end":{"line":35,"column":62}},"22":{"start":{"line":36,"column":4},"end":{"line":38,"column":49}},"23":{"start":{"line":37,"column":20},"end":{"line":37,"column":53}},"24":{"start":{"line":38,"column":21},"end":{"line":38,"column":47}},"25":{"start":{"line":41,"column":0},"end":{"line":47,"column":2}},"26":{"start":{"line":42,"column":4},"end":{"line":46,"column":27}},"27":{"start":{"line":44,"column":12},"end":{"line":44,"column":74}},"28":{"start":{"line":46,"column":22},"end":{"line":46,"column":25}},"29":{"start":{"line":49,"column":0},"end":{"line":49,"column":46}}},"fnMap":{"0":{"name":"(anonymous_0)","decl":{"start":{"line":15,"column":36},"end":{"line":15,"column":37}},"loc":{"start":{"line":15,"column":55},"end":{"line":22,"column":1}},"line":15},"1":{"name":"(anonymous_1)","decl":{"start":{"line":19,"column":14},"end":{"line":19,"column":15}},"loc":{"start":{"line":19,"column":22},"end":{"line":19,"column":42}},"line":19},"2":{"name":"(anonymous_2)","decl":{"start":{"line":20,"column":14},"end":{"line":20,"column":15}},"loc":{"start":{"line":20,"column":20},"end":{"line":20,"column":24}},"line":20},"3":{"name":"(anonymous_3)","decl":{"start":{"line":21,"column":15},"end":{"line":21,"column":16}},"loc":{"start":{"line":21,"column":22},"end":{"line":21,"column":25}},"line":21},"4":{"name":"(anonymous_4)","decl":{"start":{"line":24,"column":35},"end":{"line":24,"column":36}},"loc":{"start":{"line":24,"column":54},"end":{"line":32,"column":1}},"line":24},"5":{"name":"(anonymous_5)","decl":{"start":{"line":25,"column":23},"end":{"line":25,"column":24}},"loc":{"start":{"line":25,"column":44},"end":{"line":31,"column":5}},"line":25},"6":{"name":"(anonymous_6)","decl":{"start":{"line":26,"column":48},"end":{"line":26,"column":49}},"loc":{"start":{"line":26,"column":64},"end":{"line":30,"column":9}},"line":26},"7":{"name":"(anonymous_7)","decl":{"start":{"line":34,"column":35},"end":{"line":34,"column":36}},"loc":{"start":{"line":34,"column":46},"end":{"line":39,"column":1}},"line":34},"8":{"name":"(anonymous_8)","decl":{"start":{"line":37,"column":14},"end":{"line":37,"column":15}},"loc":{"start":{"line":37,"column":20},"end":{"line":37,"column":53}},"line":37},"9":{"name":"(anonymous_9)","decl":{"start":{"line":38,"column":15},"end":{"line":38,"column":16}},"loc":{"start":{"line":38,"column":21},"end":{"line":38,"column":47}},"line":38},"10":{"name":"(anonymous_10)","decl":{"start":{"line":41,"column":29},"end":{"line":41,"column":30}},"loc":{"start":{"line":41,"column":41},"end":{"line":47,"column":1}},"line":41},"11":{"name":"(anonymous_11)","decl":{"start":{"line":43,"column":14},"end":{"line":43,"column":15}},"loc":{"start":{"line":43,"column":29},"end":{"line":45,"column":9}},"line":43},"12":{"name":"(anonymous_12)","decl":{"start":{"line":46,"column":15},"end":{"line":46,"column":16}},"loc":{"start":{"line":46,"column":22},"end":{"line":46,"column":25}},"line":46}},"branchMap":{"0":{"loc":{"start":{"line":16,"column":4},"end":{"line":16,"column":95}},"type":"if","locations":[{"start":{"line":16,"column":4},"end":{"line":16,"column":95}},{"start":{"line":16,"column":4},"end":{"line":16,"column":95}}],"line":16},"1":{"loc":{"start":{"line":27,"column":12},"end":{"line":27,"column":39}},"type":"if","locations":[{"start":{"line":27,"column":12},"end":{"line":27,"column":39}},{"start":{"line":27,"column":12},"end":{"line":27,"column":39}}],"line":27},"2":{"loc":{"start":{"line":28,"column":12},"end":{"line":28,"column":94}},"type":"if","locations":[{"start":{"line":28,"column":12},"end":{"line":28,"column":94}},{"start":{"line":28,"column":12},"end":{"line":28,"column":94}}],"line":28}},"s":{"0":3,"1":3,"2":3,"3":3,"4":3,"5":3,"6":7,"7":1,"8":6,"9":6,"10":6,"11":0,"12":3,"13":2,"14":2,"15":2,"16":0,"17":2,"18":1,"19":1,"20":3,"21":6,"22":6,"23":6,"24":0,"25":3,"26":6,"27":6,"28":0,"29":3},"f":{"0":7,"1":6,"2":6,"3":0,"4":2,"5":2,"6":2,"7":6,"8":6,"9":0,"10":6,"11":6,"12":0},"b":{"0":[1,6],"1":[0,2],"2":[1,1]},"_coverageSchema":"332fd63041d2c1bcb487cc26dd0d5f7d97098a6c","hash":"e5da9dbba589bbfd6183a67f294175e79b265e07"}
,"/home/montgomeryrd/codefellows/lab-richard/17-bearer-auth/lab-richard/model/gallery.js": {"path":"/home/montgomeryrd/codefellows/lab-richard/17-bearer-auth/lab-richard/model/gallery.js","statementMap":{"0":{"start":{"line":3,"column":17},"end":{"line":3,"column":36}},"1":{"start":{"line":5,"column":16},"end":{"line":19,"column":2}},"2":{"start":{"line":21,"column":0},"end":{"line":21,"column":53}}},"fnMap":{},"branchMap":{},"s":{"0":3,"1":3,"2":3},"f":{},"b":{},"_coverageSchema":"332fd63041d2c1bcb487cc26dd0d5f7d97098a6c","hash":"13c27f313ad124e6d37a3db8fe59b7a8a635b782"}
,"/home/montgomeryrd/codefellows/lab-richard/17-bearer-auth/lab-richard/route/route-auth.js": {"path":"/home/montgomeryrd/codefellows/lab-richard/17-bearer-auth/lab-richard/route/route-auth.js","statementMap":{"0":{"start":{"line":3,"column":13},"end":{"line":3,"column":37}},"1":{"start":{"line":4,"column":19},"end":{"line":4,"column":48}},"2":{"start":{"line":5,"column":21},"end":{"line":5,"column":52}},"3":{"start":{"line":6,"column":18},"end":{"line":6,"column":57}},"4":{"start":{"line":8,"column":0},"end":{"line":42,"column":2}},"5":{"start":{"line":9,"column":4},"end":{"line":24,"column":7}},"6":{"start":{"line":10,"column":17},"end":{"line":10,"column":34}},"7":{"start":{"line":11,"column":8},"end":{"line":11,"column":33}},"8":{"start":{"line":13,"column":19},"end":{"line":13,"column":37}},"9":{"start":{"line":15,"column":8},"end":{"line":23,"column":50}},"10":{"start":{"line":16,"column":29},"end":{"line":16,"column":43}},"11":{"start":{"line":17,"column":29},"end":{"line":17,"column":52}},"12":{"start":{"line":22,"column":27},"end":{"line":22,"column":54}},"13":{"start":{"line":23,"column":26},"end":{"line":23,"column":48}},"14":{"start":{"line":26,"column":4},"end":{"line":41,"column":7}},"15":{"start":{"line":27,"column":8},"end":{"line":40,"column":50}},"16":{"start":{"line":29,"column":16},"end":{"line":31,"column":88}},"17":{"start":{"line":38,"column":26},"end":{"line":38,"column":46}},"18":{"start":{"line":39,"column":27},"end":{"line":39,"column":54}},"19":{"start":{"line":40,"column":26},"end":{"line":40,"column":48}}},"fnMap":{"0":{"name":"(anonymous_0)","decl":{"start":{"line":8,"column":17},"end":{"line":8,"column":18}},"loc":{"start":{"line":8,"column":34},"end":{"line":42,"column":1}},"line":8},"1":{"name":"(anonymous_1)","decl":{"start":{"line":9,"column":39},"end":{"line":9,"column":40}},"loc":{"start":{"line":9,"column":53},"end":{"line":24,"column":5}},"line":9},"2":{"name":"(anonymous_2)","decl":{"start":{"line":16,"column":18},"end":{"line":16,"column":19}},"loc":{"start":{"line":16,"column":29},"end":{"line":16,"column":43}},"line":16},"3":{"name":"(anonymous_3)","decl":{"start":{"line":17,"column":18},"end":{"line":17,"column":19}},"loc":{"start":{"line":17,"column":29},"end":{"line":17,"column":52}},"line":17},"4":{"name":"(anonymous_4)","decl":{"start":{"line":22,"column":18},"end":{"line":22,"column":19}},"loc":{"start":{"line":22,"column":27},"end":{"line":22,"column":54}},"line":22},"5":{"name":"(anonymous_5)","decl":{"start":{"line":23,"column":19},"end":{"line":23,"column":20}},"loc":{"start":{"line":23,"column":26},"end":{"line":23,"column":48}},"line":23},"6":{"name":"(anonymous_6)","decl":{"start":{"line":26,"column":37},"end":{"line":26,"column":38}},"loc":{"start":{"line":26,"column":51},"end":{"line":41,"column":5}},"line":26},"7":{"name":"(anonymous_7)","decl":{"start":{"line":28,"column":18},"end":{"line":28,"column":19}},"loc":{"start":{"line":29,"column":16},"end":{"line":31,"column":88}},"line":29},"8":{"name":"(anonymous_8)","decl":{"start":{"line":38,"column":18},"end":{"line":38,"column":19}},"loc":{"start":{"line":38,"column":26},"end":{"line":38,"column":46}},"line":38},"9":{"name":"(anonymous_9)","decl":{"start":{"line":39,"column":18},"end":{"line":39,"column":19}},"loc":{"start":{"line":39,"column":27},"end":{"line":39,"column":54}},"line":39},"10":{"name":"(anonymous_10)","decl":{"start":{"line":40,"column":19},"end":{"line":40,"column":20}},"loc":{"start":{"line":40,"column":26},"end":{"line":40,"column":48}},"line":40}},"branchMap":{"0":{"loc":{"start":{"line":29,"column":16},"end":{"line":31,"column":88}},"type":"cond-expr","locations":[{"start":{"line":30,"column":22},"end":{"line":30,"column":65}},{"start":{"line":31,"column":22},"end":{"line":31,"column":88}}],"line":29}},"s":{"0":3,"1":3,"2":3,"3":3,"4":3,"5":3,"6":4,"7":4,"8":4,"9":4,"10":3,"11":2,"12":2,"13":2,"14":3,"15":3,"16":3,"17":1,"18":1,"19":2},"f":{"0":3,"1":4,"2":3,"3":2,"4":2,"5":2,"6":3,"7":3,"8":1,"9":1,"10":2},"b":{"0":[2,1]},"_coverageSchema":"332fd63041d2c1bcb487cc26dd0d5f7d97098a6c","hash":"bb5ad31b08ae57e645cc2df2509605e3c1767382"}
,"/home/montgomeryrd/codefellows/lab-richard/17-bearer-auth/lab-richard/route/route-gallery.js": {"path":"/home/montgomeryrd/codefellows/lab-richard/17-bearer-auth/lab-richard/route/route-gallery.js","statementMap":{"0":{"start":{"line":3,"column":16},"end":{"line":3,"column":43}},"1":{"start":{"line":4,"column":19},"end":{"line":4,"column":48}},"2":{"start":{"line":5,"column":21},"end":{"line":5,"column":52}},"3":{"start":{"line":6,"column":29},"end":{"line":6,"column":69}},"4":{"start":{"line":8,"column":22},"end":{"line":8,"column":44}},"5":{"start":{"line":10,"column":0},"end":{"line":65,"column":2}},"6":{"start":{"line":12,"column":4},"end":{"line":64,"column":11}},"7":{"start":{"line":14,"column":12},"end":{"line":14,"column":43}},"8":{"start":{"line":15,"column":12},"end":{"line":15,"column":34}},"9":{"start":{"line":17,"column":12},"end":{"line":19,"column":54}},"10":{"start":{"line":18,"column":40},"end":{"line":18,"column":76}},"11":{"start":{"line":19,"column":30},"end":{"line":19,"column":52}},"12":{"start":{"line":23,"column":12},"end":{"line":27,"column":13}},"13":{"start":{"line":24,"column":16},"end":{"line":26,"column":58}},"14":{"start":{"line":25,"column":37},"end":{"line":25,"column":66}},"15":{"start":{"line":26,"column":34},"end":{"line":26,"column":56}},"16":{"start":{"line":29,"column":12},"end":{"line":34,"column":54}},"17":{"start":{"line":31,"column":39},"end":{"line":31,"column":76}},"18":{"start":{"line":31,"column":64},"end":{"line":31,"column":75}},"19":{"start":{"line":32,"column":20},"end":{"line":32,"column":55}},"20":{"start":{"line":34,"column":30},"end":{"line":34,"column":52}},"21":{"start":{"line":38,"column":12},"end":{"line":50,"column":54}},"22":{"start":{"line":40,"column":20},"end":{"line":45,"column":21}},"23":{"start":{"line":41,"column":24},"end":{"line":41,"column":69}},"24":{"start":{"line":42,"column":24},"end":{"line":42,"column":90}},"25":{"start":{"line":44,"column":24},"end":{"line":44,"column":46}},"26":{"start":{"line":47,"column":20},"end":{"line":47,"column":71}},"27":{"start":{"line":49,"column":28},"end":{"line":49,"column":47}},"28":{"start":{"line":50,"column":30},"end":{"line":50,"column":52}},"29":{"start":{"line":54,"column":12},"end":{"line":63,"column":54}},"30":{"start":{"line":56,"column":20},"end":{"line":60,"column":21}},"31":{"start":{"line":57,"column":24},"end":{"line":57,"column":48}},"32":{"start":{"line":59,"column":24},"end":{"line":59,"column":75}},"33":{"start":{"line":62,"column":28},"end":{"line":62,"column":47}},"34":{"start":{"line":63,"column":30},"end":{"line":63,"column":52}}},"fnMap":{"0":{"name":"(anonymous_0)","decl":{"start":{"line":10,"column":17},"end":{"line":10,"column":18}},"loc":{"start":{"line":10,"column":27},"end":{"line":65,"column":1}},"line":10},"1":{"name":"(anonymous_1)","decl":{"start":{"line":13,"column":48},"end":{"line":13,"column":49}},"loc":{"start":{"line":13,"column":62},"end":{"line":20,"column":9}},"line":13},"2":{"name":"(anonymous_2)","decl":{"start":{"line":18,"column":22},"end":{"line":18,"column":23}},"loc":{"start":{"line":18,"column":40},"end":{"line":18,"column":76}},"line":18},"3":{"name":"(anonymous_3)","decl":{"start":{"line":19,"column":23},"end":{"line":19,"column":24}},"loc":{"start":{"line":19,"column":30},"end":{"line":19,"column":52}},"line":19},"4":{"name":"(anonymous_4)","decl":{"start":{"line":22,"column":35},"end":{"line":22,"column":36}},"loc":{"start":{"line":22,"column":49},"end":{"line":35,"column":9}},"line":22},"5":{"name":"(anonymous_5)","decl":{"start":{"line":25,"column":26},"end":{"line":25,"column":27}},"loc":{"start":{"line":25,"column":37},"end":{"line":25,"column":66}},"line":25},"6":{"name":"(anonymous_6)","decl":{"start":{"line":26,"column":27},"end":{"line":26,"column":28}},"loc":{"start":{"line":26,"column":34},"end":{"line":26,"column":56}},"line":26},"7":{"name":"(anonymous_7)","decl":{"start":{"line":30,"column":22},"end":{"line":30,"column":23}},"loc":{"start":{"line":30,"column":35},"end":{"line":33,"column":17}},"line":30},"8":{"name":"(anonymous_8)","decl":{"start":{"line":31,"column":53},"end":{"line":31,"column":54}},"loc":{"start":{"line":31,"column":64},"end":{"line":31,"column":75}},"line":31},"9":{"name":"(anonymous_9)","decl":{"start":{"line":34,"column":23},"end":{"line":34,"column":24}},"loc":{"start":{"line":34,"column":30},"end":{"line":34,"column":52}},"line":34},"10":{"name":"(anonymous_10)","decl":{"start":{"line":37,"column":47},"end":{"line":37,"column":48}},"loc":{"start":{"line":37,"column":61},"end":{"line":51,"column":9}},"line":37},"11":{"name":"(anonymous_11)","decl":{"start":{"line":39,"column":22},"end":{"line":39,"column":23}},"loc":{"start":{"line":39,"column":33},"end":{"line":48,"column":17}},"line":39},"12":{"name":"(anonymous_12)","decl":{"start":{"line":49,"column":22},"end":{"line":49,"column":23}},"loc":{"start":{"line":49,"column":28},"end":{"line":49,"column":47}},"line":49},"13":{"name":"(anonymous_13)","decl":{"start":{"line":50,"column":23},"end":{"line":50,"column":24}},"loc":{"start":{"line":50,"column":30},"end":{"line":50,"column":52}},"line":50},"14":{"name":"(anonymous_14)","decl":{"start":{"line":53,"column":38},"end":{"line":53,"column":39}},"loc":{"start":{"line":53,"column":52},"end":{"line":64,"column":9}},"line":53},"15":{"name":"(anonymous_15)","decl":{"start":{"line":55,"column":22},"end":{"line":55,"column":23}},"loc":{"start":{"line":55,"column":33},"end":{"line":61,"column":17}},"line":55},"16":{"name":"(anonymous_16)","decl":{"start":{"line":62,"column":22},"end":{"line":62,"column":23}},"loc":{"start":{"line":62,"column":28},"end":{"line":62,"column":47}},"line":62},"17":{"name":"(anonymous_17)","decl":{"start":{"line":63,"column":23},"end":{"line":63,"column":24}},"loc":{"start":{"line":63,"column":30},"end":{"line":63,"column":52}},"line":63}},"branchMap":{"0":{"loc":{"start":{"line":23,"column":12},"end":{"line":27,"column":13}},"type":"if","locations":[{"start":{"line":23,"column":12},"end":{"line":27,"column":13}},{"start":{"line":23,"column":12},"end":{"line":27,"column":13}}],"line":23},"1":{"loc":{"start":{"line":40,"column":20},"end":{"line":45,"column":21}},"type":"if","locations":[{"start":{"line":40,"column":20},"end":{"line":45,"column":21}},{"start":{"line":40,"column":20},"end":{"line":45,"column":21}}],"line":40},"2":{"loc":{"start":{"line":41,"column":39},"end":{"line":41,"column":68}},"type":"binary-expr","locations":[{"start":{"line":41,"column":39},"end":{"line":41,"column":52}},{"start":{"line":41,"column":56},"end":{"line":41,"column":68}}],"line":41},"3":{"loc":{"start":{"line":42,"column":46},"end":{"line":42,"column":89}},"type":"binary-expr","locations":[{"start":{"line":42,"column":46},"end":{"line":42,"column":66}},{"start":{"line":42,"column":70},"end":{"line":42,"column":89}}],"line":42},"4":{"loc":{"start":{"line":56,"column":20},"end":{"line":60,"column":21}},"type":"if","locations":[{"start":{"line":56,"column":20},"end":{"line":60,"column":21}},{"start":{"line":56,"column":20},"end":{"line":60,"column":21}}],"line":56}},"s":{"0":3,"1":3,"2":3,"3":3,"4":3,"5":3,"6":3,"7":0,"8":0,"9":0,"10":0,"11":0,"12":0,"13":0,"14":0,"15":0,"16":0,"17":0,"18":0,"19":0,"20":0,"21":0,"22":0,"23":0,"24":0,"25":0,"26":0,"27":0,"28":0,"29":0,"30":0,"31":0,"32":0,"33":0,"34":0},"f":{"0":3,"1":0,"2":0,"3":0,"4":0,"5":0,"6":0,"7":0,"8":0,"9":0,"10":0,"11":0,"12":0,"13":0,"14":0,"15":0,"16":0,"17":0},"b":{"0":[0,0],"1":[0,0],"2":[0,0],"3":[0,0],"4":[0,0]},"_coverageSchema":"332fd63041d2c1bcb487cc26dd0d5f7d97098a6c","hash":"c279ea960c9832a59867fb79ac2f8421c308d908"}
}
