TN:
SF:/home/montgomeryrd/codefellows/lab-richard/17-bearer-auth/lab-richard/lib/basic-auth-middleware.js
FN:5,(anonymous_0)
FNF:1
FNH:1
FNDA:7,(anonymous_0)
DA:3,3
DA:5,3
DA:6,7
DA:7,7
DA:8,1
DA:10,6
DA:11,6
DA:12,1
DA:14,5
DA:15,5
DA:17,5
DA:18,1
DA:19,4
DA:20,1
DA:22,3
LF:15
LH:15
BRDA:7,0,0,1
BRDA:7,0,1,6
BRDA:11,1,0,1
BRDA:11,1,1,5
BRDA:17,2,0,1
BRDA:17,2,1,4
BRDA:19,3,0,1
BRDA:19,3,1,3
BRF:8
BRH:8
end_of_record
TN:
SF:/home/montgomeryrd/codefellows/lab-richard/17-bearer-auth/lab-richard/lib/bearer-auth-middleware.js
FN:9,(anonymous_0)
FN:21,(anonymous_1)
FN:28,(anonymous_2)
FN:34,(anonymous_3)
FNF:4
FNH:2
FNDA:2,(anonymous_0)
FNDA:2,(anonymous_1)
FNDA:0,(anonymous_2)
FNDA:0,(anonymous_3)
DA:3,3
DA:4,3
DA:5,3
DA:7,3
DA:9,3
DA:11,2
DA:13,2
DA:14,0
DA:16,2
DA:18,2
DA:19,0
DA:21,2
DA:22,2
DA:23,2
DA:24,2
DA:27,0
DA:29,0
DA:30,0
DA:31,0
DA:32,0
DA:34,0
LF:21
LH:13
BRDA:13,0,0,0
BRDA:13,0,1,2
BRDA:18,1,0,0
BRDA:18,1,1,2
BRDA:22,2,0,2
BRDA:22,2,1,0
BRDA:29,3,0,0
BRDA:29,3,1,0
BRF:8
BRH:3
end_of_record
TN:
SF:/home/montgomeryrd/codefellows/lab-richard/17-bearer-auth/lab-richard/lib/error-handler.js
FN:3,(anonymous_0)
FNF:1
FNH:1
FNDA:10,(anonymous_0)
DA:3,3
DA:4,10
DA:6,10
DA:7,0
DA:8,9
DA:9,0
DA:10,0
DA:11,1
DA:12,0
LF:9
LH:5
BRDA:6,0,0,0
BRDA:6,0,1,9
BRDA:6,0,2,0
BRDA:6,0,3,0
BRDA:6,0,4,1
BRDA:6,0,5,0
BRF:6
BRH:2
end_of_record
TN:
SF:/home/montgomeryrd/codefellows/lab-richard/17-bearer-auth/lab-richard/lib/server.js
FN:21,(anonymous_0)
FN:25,(anonymous_1)
FN:26,(anonymous_2)
FN:28,(anonymous_3)
FN:37,(anonymous_4)
FN:38,(anonymous_5)
FN:40,(anonymous_6)
FNF:7
FNH:6
FNDA:0,(anonymous_0)
FNDA:3,(anonymous_1)
FNDA:3,(anonymous_2)
FNDA:3,(anonymous_3)
FNDA:3,(anonymous_4)
FNDA:3,(anonymous_5)
FNDA:3,(anonymous_6)
DA:4,3
DA:5,3
DA:6,3
DA:7,3
DA:11,3
DA:12,3
DA:13,3
DA:14,3
DA:17,3
DA:18,3
DA:19,3
DA:20,3
DA:21,3
DA:24,3
DA:25,3
DA:26,3
DA:27,3
DA:28,3
DA:29,3
DA:30,3
DA:31,3
DA:32,3
DA:37,3
DA:38,3
DA:39,3
DA:40,3
DA:41,3
DA:42,3
DA:43,3
LF:29
LH:29
BRDA:27,0,0,0
BRDA:27,0,1,3
BRDA:39,1,0,0
BRDA:39,1,1,3
BRF:4
BRH:2
end_of_record
TN:
SF:/home/montgomeryrd/codefellows/lab-richard/17-bearer-auth/lab-richard/model/auth.js
FN:15,(anonymous_0)
FN:19,(anonymous_1)
FN:20,(anonymous_2)
FN:21,(anonymous_3)
FN:24,(anonymous_4)
FN:25,(anonymous_5)
FN:26,(anonymous_6)
FN:34,(anonymous_7)
FN:37,(anonymous_8)
FN:38,(anonymous_9)
FN:41,(anonymous_10)
FN:43,(anonymous_11)
FN:46,(anonymous_12)
FNF:13
FNH:10
FNDA:7,(anonymous_0)
FNDA:6,(anonymous_1)
FNDA:6,(anonymous_2)
FNDA:0,(anonymous_3)
FNDA:2,(anonymous_4)
FNDA:2,(anonymous_5)
FNDA:2,(anonymous_6)
FNDA:6,(anonymous_7)
FNDA:6,(anonymous_8)
FNDA:0,(anonymous_9)
FNDA:6,(anonymous_10)
FNDA:6,(anonymous_11)
FNDA:0,(anonymous_12)
DA:3,3
DA:4,3
DA:5,3
DA:6,3
DA:8,3
DA:15,3
DA:16,7
DA:18,6
DA:19,6
DA:20,6
DA:21,0
DA:24,3
DA:25,2
DA:26,2
DA:27,2
DA:28,2
DA:29,1
DA:34,3
DA:35,6
DA:36,6
DA:37,6
DA:38,0
DA:41,3
DA:42,6
DA:44,6
DA:46,0
DA:49,3
LF:27
LH:24
BRDA:16,0,0,1
BRDA:16,0,1,6
BRDA:27,1,0,0
BRDA:27,1,1,2
BRDA:28,2,0,1
BRDA:28,2,1,1
BRF:6
BRH:5
end_of_record
TN:
SF:/home/montgomeryrd/codefellows/lab-richard/17-bearer-auth/lab-richard/model/gallery.js
FNF:0
FNH:0
DA:3,3
DA:5,3
DA:21,3
LF:3
LH:3
BRF:0
BRH:0
end_of_record
TN:
SF:/home/montgomeryrd/codefellows/lab-richard/17-bearer-auth/lab-richard/route/route-auth.js
FN:8,(anonymous_0)
FN:9,(anonymous_1)
FN:16,(anonymous_2)
FN:17,(anonymous_3)
FN:22,(anonymous_4)
FN:23,(anonymous_5)
FN:26,(anonymous_6)
FN:28,(anonymous_7)
FN:38,(anonymous_8)
FN:39,(anonymous_9)
FN:40,(anonymous_10)
FNF:11
FNH:11
FNDA:3,(anonymous_0)
FNDA:4,(anonymous_1)
FNDA:3,(anonymous_2)
FNDA:2,(anonymous_3)
FNDA:2,(anonymous_4)
FNDA:2,(anonymous_5)
FNDA:3,(anonymous_6)
FNDA:3,(anonymous_7)
FNDA:1,(anonymous_8)
FNDA:1,(anonymous_9)
FNDA:2,(anonymous_10)
DA:3,3
DA:4,3
DA:5,3
DA:6,3
DA:8,3
DA:9,3
DA:10,4
DA:11,4
DA:13,4
DA:15,4
DA:16,3
DA:17,2
DA:22,2
DA:23,2
DA:26,3
DA:27,3
DA:29,3
DA:38,1
DA:39,1
DA:40,2
LF:20
LH:20
BRDA:29,0,0,2
BRDA:29,0,1,1
BRF:2
BRH:2
end_of_record
TN:
SF:/home/montgomeryrd/codefellows/lab-richard/17-bearer-auth/lab-richard/route/route-gallery.js
FN:10,(anonymous_0)
FN:13,(anonymous_1)
FN:18,(anonymous_2)
FN:19,(anonymous_3)
FN:22,(anonymous_4)
FN:25,(anonymous_5)
FN:26,(anonymous_6)
FN:30,(anonymous_7)
FN:31,(anonymous_8)
FN:34,(anonymous_9)
FN:37,(anonymous_10)
FN:39,(anonymous_11)
FN:49,(anonymous_12)
FN:50,(anonymous_13)
FN:53,(anonymous_14)
FN:55,(anonymous_15)
FN:62,(anonymous_16)
FN:63,(anonymous_17)
FNF:18
FNH:1
FNDA:3,(anonymous_0)
FNDA:0,(anonymous_1)
FNDA:0,(anonymous_2)
FNDA:0,(anonymous_3)
FNDA:0,(anonymous_4)
FNDA:0,(anonymous_5)
FNDA:0,(anonymous_6)
FNDA:0,(anonymous_7)
FNDA:0,(anonymous_8)
FNDA:0,(anonymous_9)
FNDA:0,(anonymous_10)
FNDA:0,(anonymous_11)
FNDA:0,(anonymous_12)
FNDA:0,(anonymous_13)
FNDA:0,(anonymous_14)
FNDA:0,(anonymous_15)
FNDA:0,(anonymous_16)
FNDA:0,(anonymous_17)
DA:3,3
DA:4,3
DA:5,3
DA:6,3
DA:8,3
DA:10,3
DA:12,3
DA:14,0
DA:15,0
DA:17,0
DA:18,0
DA:19,0
DA:23,0
DA:24,0
DA:25,0
DA:26,0
DA:29,0
DA:31,0
DA:32,0
DA:34,0
DA:38,0
DA:40,0
DA:41,0
DA:42,0
DA:44,0
DA:47,0
DA:49,0
DA:50,0
DA:54,0
DA:56,0
DA:57,0
DA:59,0
DA:62,0
DA:63,0
LF:34
LH:7
BRDA:23,0,0,0
BRDA:23,0,1,0
BRDA:40,1,0,0
BRDA:40,1,1,0
BRDA:41,2,0,0
BRDA:41,2,1,0
BRDA:42,3,0,0
BRDA:42,3,1,0
BRDA:56,4,0,0
BRDA:56,4,1,0
BRF:10
BRH:0
end_of_record
