TN:
SF:/Users/user/code-fellows/401/17-bearer-auth/lab-yohanes/lib/basic-auth-middleware.js
FN:5,(anonymous_0)
FNF:1
FNH:1
FNDA:21,(anonymous_0)
DA:3,3
DA:5,3
DA:6,21
DA:7,21
DA:8,3
DA:10,18
DA:11,18
DA:12,3
DA:14,15
DA:15,15
DA:17,15
DA:18,3
DA:19,12
DA:20,3
DA:22,9
LF:15
LH:15
BRDA:7,0,0,3
BRDA:7,0,1,18
BRDA:11,1,0,3
BRDA:11,1,1,15
BRDA:17,2,0,3
BRDA:17,2,1,12
BRDA:19,3,0,3
BRDA:19,3,1,9
BRF:8
BRH:8
end_of_record
TN:
SF:/Users/user/code-fellows/401/17-bearer-auth/lab-yohanes/lib/bearer-auth-middleware.js
FN:10,(anonymous_0)
FN:24,(anonymous_1)
FN:32,(anonymous_2)
FN:40,(anonymous_3)
FNF:4
FNH:0
FNDA:0,(anonymous_0)
FNDA:0,(anonymous_1)
FNDA:0,(anonymous_2)
FNDA:0,(anonymous_3)
DA:3,3
DA:4,3
DA:5,3
DA:8,3
DA:10,3
DA:12,0
DA:14,0
DA:15,0
DA:17,0
DA:19,0
DA:20,0
DA:24,0
DA:25,0
DA:26,0
DA:27,0
DA:31,0
DA:33,0
DA:34,0
DA:37,0
DA:38,0
DA:40,0
LF:21
LH:5
BRDA:14,0,0,0
BRDA:14,0,1,0
BRDA:19,1,0,0
BRDA:19,1,1,0
BRDA:25,2,0,0
BRDA:25,2,1,0
BRDA:33,3,0,0
BRDA:33,3,1,0
BRF:8
BRH:0
end_of_record
TN:
SF:/Users/user/code-fellows/401/17-bearer-auth/lab-yohanes/lib/error-handler.js
FN:3,(anonymous_0)
FNF:1
FNH:1
FNDA:18,(anonymous_0)
DA:3,3
DA:4,18
DA:6,18
DA:7,0
DA:8,18
DA:10,0
DA:11,0
DA:12,0
DA:13,0
LF:9
LH:4
BRDA:6,0,0,0
BRDA:6,0,1,18
BRDA:6,0,2,0
BRDA:6,0,3,0
BRDA:6,0,4,0
BRDA:6,0,5,0
BRF:6
BRH:1
end_of_record
TN:
SF:/Users/user/code-fellows/401/17-bearer-auth/lab-yohanes/lib/server.js
FN:20,(anonymous_0)
FN:25,(anonymous_1)
FN:26,(anonymous_2)
FN:28,(anonymous_3)
FN:36,(anonymous_4)
FN:37,(anonymous_5)
FN:39,(anonymous_6)
FNF:7
FNH:6
FNDA:0,(anonymous_0)
FNDA:3,(anonymous_1)
FNDA:3,(anonymous_2)
FNDA:3,(anonymous_3)
FNDA:3,(anonymous_4)
FNDA:3,(anonymous_5)
FNDA:3,(anonymous_6)
DA:4,3
DA:5,3
DA:6,3
DA:7,3
DA:10,3
DA:11,3
DA:12,3
DA:13,3
DA:16,3
DA:17,3
DA:18,3
DA:19,3
DA:20,3
DA:24,3
DA:25,3
DA:26,3
DA:27,3
DA:28,3
DA:29,3
DA:30,3
DA:31,3
DA:32,3
DA:36,3
DA:37,3
DA:38,3
DA:39,3
DA:40,3
DA:41,3
DA:42,3
LF:29
LH:29
BRDA:27,0,0,0
BRDA:27,0,1,3
BRDA:38,1,0,0
BRDA:38,1,1,3
BRF:4
BRH:2
end_of_record
TN:
SF:/Users/user/code-fellows/401/17-bearer-auth/lab-yohanes/model/auth.js
FN:16,(anonymous_0)
FN:20,(anonymous_1)
FN:21,(anonymous_2)
FN:22,(anonymous_3)
FN:25,(anonymous_4)
FN:26,(anonymous_5)
FN:27,(anonymous_6)
FN:35,(anonymous_7)
FN:38,(anonymous_8)
FN:43,(anonymous_9)
FN:45,(anonymous_10)
FN:46,(anonymous_11)
FNF:12
FNH:10
FNDA:3,(anonymous_0)
FNDA:3,(anonymous_1)
FNDA:3,(anonymous_2)
FNDA:0,(anonymous_3)
FNDA:6,(anonymous_4)
FNDA:6,(anonymous_5)
FNDA:6,(anonymous_6)
FNDA:6,(anonymous_7)
FNDA:6,(anonymous_8)
FNDA:6,(anonymous_9)
FNDA:6,(anonymous_10)
FNDA:0,(anonymous_11)
DA:3,3
DA:4,3
DA:5,3
DA:6,3
DA:8,3
DA:16,3
DA:17,3
DA:19,3
DA:20,3
DA:21,3
DA:22,0
DA:25,3
DA:26,6
DA:27,6
DA:28,6
DA:29,6
DA:30,3
DA:35,3
DA:36,6
DA:37,6
DA:38,6
DA:43,3
DA:44,6
DA:45,6
DA:46,0
DA:49,3
LF:26
LH:24
BRDA:17,0,0,0
BRDA:17,0,1,3
BRDA:28,1,0,0
BRDA:28,1,1,6
BRDA:29,2,0,3
BRDA:29,2,1,3
BRF:6
BRH:4
end_of_record
TN:
SF:/Users/user/code-fellows/401/17-bearer-auth/lab-yohanes/model/gallery.js
FNF:0
FNH:0
DA:3,3
DA:5,3
DA:22,3
LF:3
LH:3
BRF:0
BRH:0
end_of_record
TN:
SF:/Users/user/code-fellows/401/17-bearer-auth/lab-yohanes/route/route-auth.js
FN:8,(anonymous_0)
FN:9,(anonymous_1)
FN:16,(anonymous_2)
FN:17,(anonymous_3)
FN:18,(anonymous_4)
FN:19,(anonymous_5)
FN:21,(anonymous_6)
FN:23,(anonymous_7)
FN:28,(anonymous_8)
FN:29,(anonymous_9)
FN:30,(anonymous_10)
FNF:11
FNH:6
FNDA:3,(anonymous_0)
FNDA:0,(anonymous_1)
FNDA:0,(anonymous_2)
FNDA:0,(anonymous_3)
FNDA:0,(anonymous_4)
FNDA:0,(anonymous_5)
FNDA:9,(anonymous_6)
FNDA:9,(anonymous_7)
FNDA:3,(anonymous_8)
FNDA:3,(anonymous_9)
FNDA:6,(anonymous_10)
DA:3,3
DA:4,3
DA:5,3
DA:6,3
DA:8,3
DA:9,3
DA:10,0
DA:11,0
DA:13,0
DA:15,0
DA:16,0
DA:17,0
DA:18,0
DA:19,0
DA:21,3
DA:22,9
DA:24,9
DA:28,3
DA:29,3
DA:30,6
LF:20
LH:12
BRDA:24,0,0,6
BRDA:24,0,1,3
BRF:2
BRH:2
end_of_record
TN:
SF:/Users/user/code-fellows/401/17-bearer-auth/lab-yohanes/route/route-gallery.js
FN:11,(anonymous_0)
FN:14,(anonymous_1)
FN:22,(anonymous_2)
FN:23,(anonymous_3)
FN:26,(anonymous_4)
FN:31,(anonymous_5)
FN:32,(anonymous_6)
FN:37,(anonymous_7)
FN:38,(anonymous_8)
FN:42,(anonymous_9)
FN:44,(anonymous_10)
FN:46,(anonymous_11)
FN:56,(anonymous_12)
FN:57,(anonymous_13)
FN:60,(anonymous_14)
FN:62,(anonymous_15)
FN:68,(anonymous_16)
FN:69,(anonymous_17)
FNF:18
FNH:1
FNDA:3,(anonymous_0)
FNDA:0,(anonymous_1)
FNDA:0,(anonymous_2)
FNDA:0,(anonymous_3)
FNDA:0,(anonymous_4)
FNDA:0,(anonymous_5)
FNDA:0,(anonymous_6)
FNDA:0,(anonymous_7)
FNDA:0,(anonymous_8)
FNDA:0,(anonymous_9)
FNDA:0,(anonymous_10)
FNDA:0,(anonymous_11)
FNDA:0,(anonymous_12)
FNDA:0,(anonymous_13)
FNDA:0,(anonymous_14)
FNDA:0,(anonymous_15)
FNDA:0,(anonymous_16)
FNDA:0,(anonymous_17)
DA:3,3
DA:4,3
DA:5,3
DA:6,3
DA:8,3
DA:11,3
DA:13,3
DA:18,0
DA:19,0
DA:21,0
DA:22,0
DA:23,0
DA:29,0
DA:30,0
DA:31,0
DA:32,0
DA:36,0
DA:38,0
DA:40,0
DA:42,0
DA:45,0
DA:47,0
DA:48,0
DA:49,0
DA:51,0
DA:54,0
DA:56,0
DA:57,0
DA:61,0
DA:63,0
DA:64,0
DA:66,0
DA:68,0
DA:69,0
LF:34
LH:7
BRDA:29,0,0,0
BRDA:29,0,1,0
BRDA:47,1,0,0
BRDA:47,1,1,0
BRDA:48,2,0,0
BRDA:48,2,1,0
BRDA:49,3,0,0
BRDA:49,3,1,0
BRDA:63,4,0,0
BRDA:63,4,1,0
BRF:10
BRH:0
end_of_record
